app/build/intermediates/manifest_merge_blame_file/debug/manifest-merger-blame-debug-report.txt
1<?xml version="1.0" encoding="utf-8"?>
2<manifest xmlns:android="http://schemas.android.com/apk/res/android"
3    package="com.example.corona_safe"
4    android:versionCode="1"
5    android:versionName="1.0" >
6
7    <uses-sdk
8        android:minSdkVersion="19"
8-->src\main\AndroidManifest.xml
9        android:targetSdkVersion="30" />
9-->src\main\AndroidManifest.xml
10
11    <uses-permission android:name="android.permission.INTERNET" />
11-->src\main\AndroidManifest.xml:5:5-67
11-->src\main\AndroidManifest.xml:5:22-64
12
13    <application
13-->src\main\AndroidManifest.xml:8:5-82:19
14        android:allowBackup="true"
14-->src\main\AndroidManifest.xml:9:9-35
15        android:appComponentFactory="androidx.core.app.CoreComponentFactory"
15-->[androidx.core:core:1.5.0] AndroidManifest.xml:24:18-86
16        android:debuggable="true"
17        android:icon="@mipmap/ic_launcher"
17-->src\main\AndroidManifest.xml:10:9-43
18        android:label="@string/app_name"
18-->src\main\AndroidManifest.xml:11:9-41
19        android:roundIcon="@mipmap/ic_launcher_round"
19-->src\main\AndroidManifest.xml:12:9-54
20        android:supportsRtl="true"
20-->src\main\AndroidManifest.xml:13:9-35
21        android:testOnly="true"
22        android:theme="@style/Theme.CORONASafe.NoActionBar" >
22-->src\main\AndroidManifest.xml:14:9-60
23        <activity android:name="com.example.corona_safe.AddLockdownDashboard" />
23-->src\main\AndroidManifest.xml:15:9-67
23-->src\main\AndroidManifest.xml:15:19-55
24        <activity android:name="com.example.corona_safe.AddActivity" />
24-->src\main\AndroidManifest.xml:17:9-19:43
24-->src\main\AndroidManifest.xml:19:13-40
25        <activity android:name="com.example.corona_safe.UpdateActivity" />
25-->src\main\AndroidManifest.xml:22:9-23:15
25-->src\main\AndroidManifest.xml:22:19-49
26        <activity android:name="com.example.corona_safe.provinceWise" />
26-->src\main\AndroidManifest.xml:24:9-50
26-->src\main\AndroidManifest.xml:24:19-47
27        <activity
27-->src\main\AndroidManifest.xml:25:9-27:39
28            android:name="com.example.corona_safe.provinces"
28-->src\main\AndroidManifest.xml:26:13-38
29            android:exported="true" />
29-->src\main\AndroidManifest.xml:27:13-36
30        <activity
30-->src\main\AndroidManifest.xml:31:9-33:39
31            android:name="com.example.corona_safe.srilankafigures"
31-->src\main\AndroidManifest.xml:32:13-44
32            android:exported="true" />
32-->src\main\AndroidManifest.xml:33:13-36
33        <activity
33-->src\main\AndroidManifest.xml:34:9-36:39
34            android:name="com.example.corona_safe.covidDailyupdatesAdmin"
34-->src\main\AndroidManifest.xml:35:13-51
35            android:exported="true" />
35-->src\main\AndroidManifest.xml:36:13-36
36        <activity
36-->src\main\AndroidManifest.xml:37:9-41:67
37            android:name="com.example.corona_safe.HomeActivity"
37-->src\main\AndroidManifest.xml:38:13-41
38            android:exported="true"
38-->src\main\AndroidManifest.xml:39:13-36
39            android:label="Home"
39-->src\main\AndroidManifest.xml:40:13-33
40            android:theme="@style/Theme.CORONASafe.NoActionBar" />
40-->src\main\AndroidManifest.xml:41:13-64
41        <activity
41-->src\main\AndroidManifest.xml:42:9-46:67
42            android:name="com.example.corona_safe.AdminHomeActivity"
42-->src\main\AndroidManifest.xml:43:13-46
43            android:exported="true"
43-->src\main\AndroidManifest.xml:44:13-36
44            android:label="Admin Home"
44-->src\main\AndroidManifest.xml:45:13-39
45            android:theme="@style/Theme.CORONASafe.NoActionBar" />
45-->src\main\AndroidManifest.xml:46:13-64
46        <activity
46-->src\main\AndroidManifest.xml:47:9-51:67
47            android:name="com.example.corona_safe.AdminUpdateActivity"
47-->src\main\AndroidManifest.xml:48:13-48
48            android:exported="true"
48-->src\main\AndroidManifest.xml:49:13-36
49            android:label="Admin Update"
49-->src\main\AndroidManifest.xml:50:13-41
50            android:theme="@style/Theme.CORONASafe.NoActionBar" />
50-->src\main\AndroidManifest.xml:51:13-64
51        <activity
51-->src\main\AndroidManifest.xml:52:9-56:67
52            android:name="com.example.corona_safe.SignUPActivity"
52-->src\main\AndroidManifest.xml:53:13-43
53            android:exported="true"
53-->src\main\AndroidManifest.xml:54:13-36
54            android:label="SignUPActivity"
54-->src\main\AndroidManifest.xml:55:13-43
55            android:theme="@style/Theme.CORONASafe.NoActionBar" />
55-->src\main\AndroidManifest.xml:56:13-64
56        <activity
56-->src\main\AndroidManifest.xml:57:9-61:67
57            android:name="com.example.corona_safe.SignInActivity"
57-->src\main\AndroidManifest.xml:58:13-43
58            android:exported="true"
58-->src\main\AndroidManifest.xml:59:13-36
59            android:label="@string/title_activity_sign_in"
59-->src\main\AndroidManifest.xml:60:13-59
60            android:theme="@style/Theme.CORONASafe.NoActionBar" />
60-->src\main\AndroidManifest.xml:61:13-64
61        <activity
61-->src\main\AndroidManifest.xml:62:9-66:67
62            android:name="com.example.corona_safe.SettingsActivity"
62-->src\main\AndroidManifest.xml:63:13-45
63            android:exported="true"
63-->src\main\AndroidManifest.xml:64:13-36
64            android:label="SettingsActivity"
64-->src\main\AndroidManifest.xml:65:13-45
65            android:theme="@style/Theme.CORONASafe.NoActionBar" />
65-->src\main\AndroidManifest.xml:66:13-64
66        <activity
66-->src\main\AndroidManifest.xml:67:9-77:20
67            android:name="com.example.corona_safe.MainActivity"
67-->src\main\AndroidManifest.xml:68:13-41
68            android:exported="true"
68-->src\main\AndroidManifest.xml:69:13-36
69            android:label="@string/app_name"
69-->src\main\AndroidManifest.xml:70:13-45
70            android:theme="@style/Theme.CORONASafe.NoActionBar" >
70-->src\main\AndroidManifest.xml:71:13-64
71            <intent-filter>
71-->src\main\AndroidManifest.xml:72:13-76:29
72                <action android:name="android.intent.action.MAIN" />
72-->src\main\AndroidManifest.xml:73:17-69
72-->src\main\AndroidManifest.xml:73:25-66
73
74                <category android:name="android.intent.category.LAUNCHER" />
74-->src\main\AndroidManifest.xml:75:17-77
74-->src\main\AndroidManifest.xml:75:27-74
75            </intent-filter>
76        </activity>
77
78        <meta-data
78-->src\main\AndroidManifest.xml:79:9-81:57
79            android:name="preloaded_fonts"
79-->src\main\AndroidManifest.xml:80:13-43
80            android:resource="@array/preloaded_fonts" />
80-->src\main\AndroidManifest.xml:81:13-54
81    </application>
82
83</manifest>